0 info it worked if it ends with ok
1 verbose cli [ 'node', '/usr/local/bin/npm', 'install', '-g', 'bower' ]
2 info using npm@2.7.4
3 info using node@v0.12.2
4 silly cache add args [ 'bower', null ]
5 verbose cache add spec bower
6 silly cache add parsed spec { raw: 'bower',
6 silly cache add   scope: null,
6 silly cache add   name: 'bower',
6 silly cache add   rawSpec: '',
6 silly cache add   spec: '*',
6 silly cache add   type: 'range' }
7 verbose addNamed bower@*
8 silly addNamed semver.valid null
9 silly addNamed semver.validRange *
10 silly addNameRange { name: 'bower', range: '*', hasData: false }
11 silly mapToRegistry name bower
12 silly mapToRegistry using default registry
13 silly mapToRegistry registry https://registry.npmjs.org/
14 silly mapToRegistry uri https://registry.npmjs.org/bower
15 verbose addNameRange registry:https://registry.npmjs.org/bower not in flight; fetching
16 verbose request uri https://registry.npmjs.org/bower
17 verbose request no auth needed
18 info attempt registry request try #1 at 8:23:38 AM
19 verbose request id 140252c22d2323b1
20 verbose etag "5O4HUOKW503HIN1GUHXSZ5J7Q"
21 http request GET https://registry.npmjs.org/bower
22 http 200 https://registry.npmjs.org/bower
23 silly get cb [ 200,
23 silly get   { server: 'CouchDB/1.5.0 (Erlang OTP/R16B03)',
23 silly get     etag: '"8N55JDY0JZF8KZ083NTRTKDJW"',
23 silly get     'content-type': 'application/json',
23 silly get     'cache-control': 'max-age=60',
23 silly get     'content-length': '112149',
23 silly get     'accept-ranges': 'bytes',
23 silly get     date: 'Thu, 28 May 2015 02:53:39 GMT',
23 silly get     via: '1.1 varnish',
23 silly get     age: '34',
23 silly get     connection: 'keep-alive',
23 silly get     'x-served-by': 'cache-fra1230-FRA',
23 silly get     'x-cache': 'HIT',
23 silly get     'x-cache-hits': '1',
23 silly get     'x-timer': 'S1432781619.808220,VS0,VE3',
23 silly get     vary: 'Accept' } ]
24 verbose get saving bower to /Users/elegantmedia/.npm/registry.npmjs.org/bower/.cache.json
25 silly addNameRange number 2 { name: 'bower', range: '*', hasData: true }
26 silly addNameRange versions [ 'bower',
26 silly addNameRange   [ '0.1.0',
26 silly addNameRange     '0.1.2',
26 silly addNameRange     '0.1.3',
26 silly addNameRange     '0.2.0',
26 silly addNameRange     '0.3.0',
26 silly addNameRange     '0.3.1',
26 silly addNameRange     '0.3.2',
26 silly addNameRange     '0.4.0',
26 silly addNameRange     '0.5.0',
26 silly addNameRange     '0.5.1',
26 silly addNameRange     '0.6.0',
26 silly addNameRange     '0.6.1',
26 silly addNameRange     '0.6.2',
26 silly addNameRange     '0.6.3',
26 silly addNameRange     '0.6.4',
26 silly addNameRange     '0.6.5',
26 silly addNameRange     '0.6.6',
26 silly addNameRange     '0.6.7',
26 silly addNameRange     '0.6.8',
26 silly addNameRange     '0.7.0',
26 silly addNameRange     '0.7.1',
26 silly addNameRange     '0.8.0',
26 silly addNameRange     '0.8.1',
26 silly addNameRange     '0.8.2',
26 silly addNameRange     '0.8.3',
26 silly addNameRange     '0.8.4',
26 silly addNameRange     '0.8.5',
26 silly addNameRange     '0.8.6',
26 silly addNameRange     '0.9.0',
26 silly addNameRange     '0.9.1',
26 silly addNameRange     '0.9.2',
26 silly addNameRange     '0.10.0',
26 silly addNameRange     '1.0.0',
26 silly addNameRange     '1.0.1',
26 silly addNameRange     '1.0.2',
26 silly addNameRange     '1.0.3',
26 silly addNameRange     '1.1.0',
26 silly addNameRange     '1.1.1',
26 silly addNameRange     '1.1.2',
26 silly addNameRange     '1.2.0',
26 silly addNameRange     '1.2.1',
26 silly addNameRange     '1.2.2',
26 silly addNameRange     '1.2.3',
26 silly addNameRange     '1.2.4',
26 silly addNameRange     '1.2.5',
26 silly addNameRange     '1.2.6',
26 silly addNameRange     '1.2.7',
26 silly addNameRange     '1.2.8',
26 silly addNameRange     '1.3.0',
26 silly addNameRange     '1.3.1',
26 silly addNameRange     '1.3.2',
26 silly addNameRange     '1.3.3',
26 silly addNameRange     '1.3.4',
26 silly addNameRange     '1.3.5',
26 silly addNameRange     '1.3.6',
26 silly addNameRange     '1.3.7',
26 silly addNameRange     '1.3.8',
26 silly addNameRange     '1.3.9',
26 silly addNameRange     '1.3.10',
26 silly addNameRange     '1.3.11',
26 silly addNameRange     '1.3.12',
26 silly addNameRange     '1.4.0',
26 silly addNameRange     '1.4.1' ] ]
27 verbose addNamed bower@1.4.1
28 silly addNamed semver.valid 1.4.1
29 silly addNamed semver.validRange 1.4.1
30 silly cache afterAdd bower@1.4.1
31 verbose afterAdd /Users/elegantmedia/.npm/bower/1.4.1/package/package.json not in flight; writing
32 verbose afterAdd /Users/elegantmedia/.npm/bower/1.4.1/package/package.json written
33 silly install resolved [ { name: 'bower',
33 silly install resolved     version: '1.4.1',
33 silly install resolved     description: 'The browser package manager',
33 silly install resolved     author: { name: 'Twitter' },
33 silly install resolved     licenses: [ [Object] ],
33 silly install resolved     repository: { type: 'git', url: 'https://github.com/bower/bower' },
33 silly install resolved     main: 'lib',
33 silly install resolved     homepage: 'http://bower.io',
33 silly install resolved     engines: { node: '>=0.10.0' },
33 silly install resolved     dependencies:
33 silly install resolved      { abbrev: '^1.0.5',
33 silly install resolved        archy: '1.0.0',
33 silly install resolved        'bower-config': '^0.6.1',
33 silly install resolved        'bower-endpoint-parser': '^0.2.2',
33 silly install resolved        'bower-json': '^0.4.0',
33 silly install resolved        'bower-logger': '^0.2.2',
33 silly install resolved        'bower-registry-client': '^0.3.0',
33 silly install resolved        cardinal: '0.4.4',
33 silly install resolved        chalk: '^1.0.0',
33 silly install resolved        chmodr: '0.1.0',
33 silly install resolved        configstore: '^0.3.2',
33 silly install resolved        'decompress-zip': '^0.1.0',
33 silly install resolved        fstream: '^1.0.3',
33 silly install resolved        'fstream-ignore': '^1.0.2',
33 silly install resolved        github: '^0.2.3',
33 silly install resolved        glob: '^4.3.2',
33 silly install resolved        'graceful-fs': '^3.0.5',
33 silly install resolved        handlebars: '^2.0.0',
33 silly install resolved        inquirer: '0.8.0',
33 silly install resolved        insight: '^0.5.0',
33 silly install resolved        'is-root': '^1.0.0',
33 silly install resolved        junk: '^1.0.0',
33 silly install resolved        lockfile: '^1.0.0',
33 silly install resolved        'lru-cache': '^2.5.0',
33 silly install resolved        mkdirp: '0.5.0',
33 silly install resolved        mout: '^0.11.0',
33 silly install resolved        nopt: '^3.0.1',
33 silly install resolved        opn: '^1.0.1',
33 silly install resolved        'p-throttler': '0.1.1',
33 silly install resolved        promptly: '0.2.0',
33 silly install resolved        q: '^1.1.2',
33 silly install resolved        request: '2.53.0',
33 silly install resolved        'request-progress': '0.3.1',
33 silly install resolved        retry: '0.6.1',
33 silly install resolved        rimraf: '^2.2.8',
33 silly install resolved        semver: '^2.3.0',
33 silly install resolved        'shell-quote': '^1.4.2',
33 silly install resolved        'stringify-object': '^1.0.0',
33 silly install resolved        'tar-fs': '^1.4.1',
33 silly install resolved        tmp: '0.0.24',
33 silly install resolved        'update-notifier': '^0.3.0',
33 silly install resolved        'user-home': '^1.1.0',
33 silly install resolved        which: '^1.0.8' },
33 silly install resolved     devDependencies:
33 silly install resolved      { chai: '^1.10.0',
33 silly install resolved        coveralls: '^2.11.2',
33 silly install resolved        'expect.js': '^0.3.1',
33 silly install resolved        grunt: '^0.4.5',
33 silly install resolved        'grunt-cli': '^0.1.13',
33 silly install resolved        'grunt-contrib-jshint': '^0.10.0',
33 silly install resolved        'grunt-contrib-watch': '^0.6.1',
33 silly install resolved        'grunt-exec': '^0.4.6',
33 silly install resolved        'grunt-simple-mocha': '^0.4.0',
33 silly install resolved        istanbul: '^0.3.5',
33 silly install resolved        'load-grunt-tasks': '^2.0.0',
33 silly install resolved        mocha: '^2.1.0',
33 silly install resolved        multiline: '^1.0.2',
33 silly install resolved        nock: '^0.56.0',
33 silly install resolved        'node-uuid': '^1.4.2',
33 silly install resolved        proxyquire: '^1.3.0',
33 silly install resolved        'spawn-sync': '^1.0.5' },
33 silly install resolved     scripts: { test: 'grunt test' },
33 silly install resolved     bin: { bower: 'bin/bower' },
33 silly install resolved     preferGlobal: true,
33 silly install resolved     gitHead: 'a1287416d40f944d58cb8f2e774e2076bfffd32f',
33 silly install resolved     bugs: { url: 'https://github.com/bower/bower/issues' },
33 silly install resolved     _id: 'bower@1.4.1',
33 silly install resolved     _shasum: 'a18be39d030792754f30f1c5b32d37b0156ba8dd',
33 silly install resolved     _from: 'bower@*',
33 silly install resolved     _npmVersion: '2.7.4',
33 silly install resolved     _nodeVersion: '0.12.0',
33 silly install resolved     _npmUser: { name: 'sheerun', email: 'sheerun@sher.pl' },
33 silly install resolved     maintainers: [ [Object], [Object], [Object], [Object], [Object], [Object] ],
33 silly install resolved     dist:
33 silly install resolved      { shasum: 'a18be39d030792754f30f1c5b32d37b0156ba8dd',
33 silly install resolved        tarball: 'http://registry.npmjs.org/bower/-/bower-1.4.1.tgz' },
33 silly install resolved     directories: {},
33 silly install resolved     _resolved: 'https://registry.npmjs.org/bower/-/bower-1.4.1.tgz',
33 silly install resolved     readme: 'ERROR: No README data found!' } ]
34 info install bower@1.4.1 into /usr/local/lib
35 info installOne bower@1.4.1
36 verbose installOne of bower to /usr/local/lib not in flight; installing
37 verbose lock using /Users/elegantmedia/.npm/_locks/bower-e8debc5417026b57.lock for /usr/local/lib/node_modules/bower
38 silly install write writing bower 1.4.1 to /usr/local/lib/node_modules/bower
39 silly cache addNamed cb bower@1.4.1
40 verbose unbuild lib/node_modules/bower
41 info preuninstall bower@1.4.1
42 info uninstall bower@1.4.1
43 verbose unbuild rmStuff bower@1.4.1 from /usr/local/lib/node_modules
44 silly gentlyRm /usr/local/bin/bower is being gently removed
45 silly gentlyRm verifying /usr/local is an npm working directory
46 silly gentlyRm containing path /usr/local is under npm's control, in /usr/local
47 silly gentlyRm deletion target /usr/local/bin/bower is under /usr/local
48 verbose gentlyRm vacuuming from /usr/local/bin/bower up to /usr/local
49 silly vacuum-fs removing /usr/local/bin/bower
50 silly vacuum-fs quitting because other entries in /usr/local/bin
51 info postuninstall bower@1.4.1
52 silly gentlyRm /usr/local/lib/node_modules/bower is being purged from base /usr/local
53 verbose gentlyRm don't care about contents; nuking /usr/local/lib/node_modules/bower
54 silly vacuum-fs purging /usr/local/lib/node_modules/bower
55 verbose unlock done using /Users/elegantmedia/.npm/_locks/bower-e8debc5417026b57.lock for /usr/local/lib/node_modules/bower
56 verbose stack Error: EACCES, rmdir '/usr/local/lib/node_modules/bower'
56 verbose stack     at Error (native)
57 verbose cwd /Applications/MAMP/htdocs/angular/user/app
58 error Darwin 14.1.0
59 error argv "node" "/usr/local/bin/npm" "install" "-g" "bower"
60 error node v0.12.2
61 error npm  v2.7.4
62 error path /usr/local/lib/node_modules/bower
63 error code EACCES
64 error errno -13
65 error Error: EACCES, rmdir '/usr/local/lib/node_modules/bower'
65 error     at Error (native)
65 error  { [Error: EACCES, rmdir '/usr/local/lib/node_modules/bower']
65 error   errno: -13,
65 error   code: 'EACCES',
65 error   path: '/usr/local/lib/node_modules/bower' }
66 error Please try running this command again as root/Administrator.
67 verbose exit [ -13, true ]
68 verbose unbuild lib/node_modules/bower
69 info preuninstall bower@1.4.1
70 info uninstall bower@1.4.1
71 verbose unbuild rmStuff bower@1.4.1 from /usr/local/lib/node_modules
72 silly gentlyRm /usr/local/bin/bower is being gently removed
73 silly gentlyRm verifying /usr/local is an npm working directory
74 silly gentlyRm containing path /usr/local is under npm's control, in /usr/local
75 silly gentlyRm deletion target /usr/local/bin/bower is under /usr/local
76 verbose gentlyRm vacuuming from /usr/local/bin/bower up to /usr/local
77 info postuninstall bower@1.4.1
78 silly gentlyRm /usr/local/lib/node_modules/bower is being purged from base /usr/local
79 verbose gentlyRm don't care about contents; nuking /usr/local/lib/node_modules/bower
80 silly vacuum-fs purging /usr/local/lib/node_modules/bower
81 error error rolling back Error: EACCES, rmdir '/usr/local/lib/node_modules/bower'
81 error error rolling back     at Error (native)
81 error error rolling back  { [Error: EACCES, rmdir '/usr/local/lib/node_modules/bower']
81 error error rolling back   errno: -13,
81 error error rolling back   code: 'EACCES',
81 error error rolling back   path: '/usr/local/lib/node_modules/bower' }
